TN:
SF:..\01-requestcount.js
FNF:0
FNH:0
DA:1,1
DA:2,1
DA:3,1
DA:4,1
DA:5,1
DA:6,1
DA:7,1
DA:8,1
DA:9,1
DA:10,1
DA:11,1
DA:12,1
DA:13,1
DA:14,1
DA:15,10
DA:16,10
DA:17,1
DA:18,1
DA:19,1
DA:20,0
DA:21,0
DA:22,1
DA:23,1
DA:24,1
DA:25,2
DA:26,2
DA:27,2
DA:28,1
DA:29,1
DA:30,1
DA:31,1
DA:32,1
LF:32
LH:30
BRDA:14,0,0,10
BRDA:24,1,0,2
BRF:2
BRH:2
end_of_record
TN:
SF:..\02-ratelimitter.js
FNF:0
FNH:0
DA:1,1
DA:2,1
DA:3,1
DA:4,1
DA:5,1
DA:6,1
DA:7,1
DA:8,1
DA:9,1
DA:10,1
DA:11,1
DA:12,1
DA:13,1
DA:14,1
DA:15,1
DA:16,2
DA:17,1
DA:18,1
DA:19,1
DA:20,1
DA:21,13
DA:22,13
DA:23,13
DA:24,0
DA:25,0
DA:26,13
DA:27,13
DA:28,2
DA:29,13
DA:30,11
DA:31,11
DA:32,13
DA:33,13
DA:34,7
DA:35,7
DA:36,6
DA:37,6
DA:38,1
DA:39,1
DA:40,1
DA:41,6
DA:42,1
DA:43,1
DA:44,1
DA:45,0
DA:46,1
DA:47,1
DA:48,1
LF:48
LH:45
BRDA:15,0,0,2
BRDA:20,1,0,13
BRDA:23,2,0,0
BRDA:27,3,0,2
BRDA:29,4,0,11
BRDA:33,5,0,7
BRDA:35,6,0,6
BRDA:40,7,0,6
BRF:8
BRH:7
end_of_record
TN:
SF:..\03-errorcount.js
FN:13,errorHandler
FNF:1
FNH:1
FNDA:11,errorHandler
DA:1,1
DA:2,1
DA:3,1
DA:4,1
DA:5,1
DA:6,1
DA:7,1
DA:8,1
DA:9,1
DA:10,1
DA:11,1
DA:12,1
DA:13,11
DA:14,11
DA:15,11
DA:16,11
DA:17,1
DA:18,1
DA:19,11
DA:20,0
DA:21,1
DA:22,1
DA:23,1
DA:24,0
DA:25,1
DA:26,1
DA:27,1
DA:28,2
DA:29,1
DA:30,1
DA:31,1
DA:32,1
DA:33,1
LF:33
LH:31
BRDA:13,0,0,11
BRDA:18,1,0,11
BRDA:19,2,0,0
BRDA:27,3,0,2
BRF:4
BRH:3
end_of_record
